<?xml version="1.0" encoding="UTF-8"?>
<testsuite xmlns:xsi="http://www.w3.org/2001/XMLSchema-instance" xsi:noNamespaceSchemaLocation="https://maven.apache.org/surefire/maven-surefire-plugin/xsd/surefire-test-report-3.0.xsd" version="3.0" name="st10457954.AuthenticationTest" time="0.618" tests="10" errors="0" skipped="0" failures="0">
  <properties>
[...]
</properties>
  <testcase name="testNullPassword" classname="st10457954.AuthenticationTest" time="0.165"/>
  <testcase name="testInvalidUsername" classname="st10457954.AuthenticationTest" time="0.063"/>
  <testcase name="testCaseSensitivePassword" classname="st10457954.AuthenticationTest" time="0.021"/>
  <testcase name="testBothNullCredentials" classname="st10457954.AuthenticationTest" time="0.016"/>
  <testcase name="testBothInvalidCredentials" classname="st10457954.AuthenticationTest" time="0.024"/>
  <testcase name="testInvalidPassword" classname="st10457954.AuthenticationTest" time="0.019"/>
  <testcase name="testMultipleLoginAttempts" classname="st10457954.AuthenticationTest" time="0.135"/>
  <testcase name="testSuccessfulLogin" classname="st10457954.AuthenticationTest" time="0.002"/>
  <testcase name="testNullUsername" classname="st10457954.AuthenticationTest" time="0.002"/>
  <testcase name="testCaseSensitiveUsername" classname="st10457954.AuthenticationTest" time="0.004"/>
</testsuite>